{"D:\\Github\\feed-calculator\\src\\utils\\calculatorUtils.js": {"path":"D:\\Github\\feed-calculator\\src\\utils\\calculatorUtils.js","statementMap":{"0":{"start":{"line":1,"column":32},"end":{"line":18,"column":1}},"1":{"start":{"line":2,"column":16},"end":{"line":2,"column":29}},"2":{"start":{"line":3,"column":16},"end":{"line":3,"column":27}},"3":{"start":{"line":4,"column":13},"end":{"line":4,"column":22}},"4":{"start":{"line":7,"column":2},"end":{"line":11,"column":3}},"5":{"start":{"line":8,"column":4},"end":{"line":8,"column":35}},"6":{"start":{"line":9,"column":4},"end":{"line":9,"column":33}},"7":{"start":{"line":10,"column":4},"end":{"line":10,"column":28}},"8":{"start":{"line":13,"column":14},"end":{"line":13,"column":40}},"9":{"start":{"line":14,"column":14},"end":{"line":14,"column":70}},"10":{"start":{"line":15,"column":13},"end":{"line":15,"column":54}},"11":{"start":{"line":17,"column":2},"end":{"line":17,"column":32}}},"fnMap":{"0":{"name":"(anonymous_0)","decl":{"start":{"line":1,"column":32},"end":{"line":1,"column":33}},"loc":{"start":{"line":1,"column":87},"end":{"line":18,"column":1}},"line":1}},"branchMap":{"0":{"loc":{"start":{"line":7,"column":2},"end":{"line":11,"column":3}},"type":"if","locations":[{"start":{"line":7,"column":2},"end":{"line":11,"column":3}},{"start":{},"end":{}}],"line":7},"1":{"loc":{"start":{"line":14,"column":46},"end":{"line":14,"column":69}},"type":"cond-expr","locations":[{"start":{"line":14,"column":61},"end":{"line":14,"column":65}},{"start":{"line":14,"column":68},"end":{"line":14,"column":69}}],"line":14},"2":{"loc":{"start":{"line":15,"column":30},"end":{"line":15,"column":53}},"type":"cond-expr","locations":[{"start":{"line":15,"column":45},"end":{"line":15,"column":49}},{"start":{"line":15,"column":52},"end":{"line":15,"column":53}}],"line":15}},"s":{"0":1,"1":2,"2":2,"3":2,"4":2,"5":1,"6":1,"7":1,"8":2,"9":2,"10":2,"11":2},"f":{"0":2},"b":{"0":[1,1],"1":[1,1],"2":[1,1]},"_coverageSchema":"1a1c01bbd47fc00a2c39e90264f33305004495a9","hash":"db4dabf1151455d94c065bab31ec4d82492ddfe0"}
}
